{"C:\\Users\\herib\\OneDrive\\Escritorio\\rest-api-node-ts-server\\src\\router.ts": {"path":"C:\\Users\\herib\\OneDrive\\Escritorio\\rest-api-node-ts-server\\src\\router.ts","statementMap":{"0":{"start":{"line":1,"column":0},"end":{"line":1,"column":32}},"1":{"start":{"line":2,"column":0},"end":{"line":2,"column":47}},"2":{"start":{"line":3,"column":0},"end":{"line":3,"column":129}},"3":{"start":{"line":6,"column":15},"end":{"line":6,"column":23}},"4":{"start":{"line":9,"column":0},"end":{"line":9,"column":null}},"5":{"start":{"line":10,"column":0},"end":{"line":14,"column":null}},"6":{"start":{"line":16,"column":0},"end":{"line":30,"column":null}},"7":{"start":{"line":25,"column":21},"end":{"line":25,"column":30}},"8":{"start":{"line":32,"column":0},"end":{"line":47,"column":null}},"9":{"start":{"line":49,"column":0},"end":{"line":52,"column":null}},"10":{"start":{"line":54,"column":0},"end":{"line":58,"column":null}},"11":{"start":{"line":60,"column":0},"end":{"line":60,"column":null}}},"fnMap":{"0":{"name":"(anonymous_0)","decl":{"start":{"line":25,"column":12},"end":{"line":25,"column":17}},"loc":{"start":{"line":25,"column":21},"end":{"line":25,"column":30}}}},"branchMap":{},"s":{"0":2,"1":2,"2":2,"3":2,"4":2,"5":2,"6":2,"7":4,"8":2,"9":2,"10":2,"11":2},"f":{"0":4},"b":{}}
,"C:\\Users\\herib\\OneDrive\\Escritorio\\rest-api-node-ts-server\\src\\server.ts": {"path":"C:\\Users\\herib\\OneDrive\\Escritorio\\rest-api-node-ts-server\\src\\server.ts","statementMap":{"0":{"start":{"line":1,"column":0},"end":{"line":1,"column":32}},"1":{"start":{"line":2,"column":0},"end":{"line":2,"column":28}},"2":{"start":{"line":3,"column":0},"end":{"line":3,"column":30}},"3":{"start":{"line":4,"column":0},"end":{"line":4,"column":29}},"4":{"start":{"line":9,"column":4},"end":{"line":16,"column":5}},"5":{"start":{"line":10,"column":8},"end":{"line":10,"column":null}},"6":{"start":{"line":11,"column":8},"end":{"line":11,"column":null}},"7":{"start":{"line":15,"column":8},"end":{"line":15,"column":null}},"8":{"start":{"line":19,"column":0},"end":{"line":19,"column":null}},"9":{"start":{"line":24,"column":15},"end":{"line":24,"column":24}},"10":{"start":{"line":27,"column":0},"end":{"line":27,"column":null}},"11":{"start":{"line":30,"column":0},"end":{"line":30,"column":null}},"12":{"start":{"line":32,"column":0},"end":{"line":34,"column":null}},"13":{"start":{"line":33,"column":4},"end":{"line":33,"column":null}},"14":{"start":{"line":36,"column":0},"end":{"line":36,"column":null}}},"fnMap":{"0":{"name":"ConnectionDB","decl":{"start":{"line":8,"column":15},"end":{"line":8,"column":27}},"loc":{"start":{"line":8,"column":27},"end":{"line":17,"column":1}}},"1":{"name":"(anonymous_2)","decl":{"start":{"line":32,"column":19},"end":{"line":32,"column":20}},"loc":{"start":{"line":32,"column":31},"end":{"line":34,"column":1}}}},"branchMap":{},"s":{"0":2,"1":2,"2":2,"3":2,"4":2,"5":2,"6":1,"7":0,"8":2,"9":2,"10":2,"11":2,"12":2,"13":1,"14":2},"f":{"0":2,"1":1},"b":{}}
,"C:\\Users\\herib\\OneDrive\\Escritorio\\rest-api-node-ts-server\\src\\config\\db.ts": {"path":"C:\\Users\\herib\\OneDrive\\Escritorio\\rest-api-node-ts-server\\src\\config\\db.ts","statementMap":{"0":{"start":{"line":1,"column":0},"end":{"line":1,"column":48}},"1":{"start":{"line":2,"column":0},"end":{"line":2,"column":27}},"2":{"start":{"line":3,"column":0},"end":{"line":3,"column":null}},"3":{"start":{"line":5,"column":11},"end":{"line":8,"column":2}},"4":{"start":{"line":10,"column":0},"end":{"line":10,"column":null}}},"fnMap":{},"branchMap":{},"s":{"0":2,"1":2,"2":2,"3":2,"4":2},"f":{},"b":{}}
,"C:\\Users\\herib\\OneDrive\\Escritorio\\rest-api-node-ts-server\\src\\handlers\\product.ts": {"path":"C:\\Users\\herib\\OneDrive\\Escritorio\\rest-api-node-ts-server\\src\\handlers\\product.ts","statementMap":{"0":{"start":{"line":2,"column":0},"end":{"line":2,"column":45}},"1":{"start":{"line":5,"column":27},"end":{"line":17,"column":1}},"2":{"start":{"line":6,"column":4},"end":{"line":16,"column":5}},"3":{"start":{"line":7,"column":25},"end":{"line":12,"column":10}},"4":{"start":{"line":13,"column":8},"end":{"line":13,"column":null}},"5":{"start":{"line":15,"column":8},"end":{"line":15,"column":null}},"6":{"start":{"line":5,"column":13},"end":{"line":5,"column":27}},"7":{"start":{"line":19,"column":31},"end":{"line":36,"column":1}},"8":{"start":{"line":20,"column":4},"end":{"line":35,"column":5}},"9":{"start":{"line":21,"column":21},"end":{"line":21,"column":31}},"10":{"start":{"line":22,"column":24},"end":{"line":22,"column":50}},"11":{"start":{"line":32,"column":8},"end":{"line":32,"column":null}},"12":{"start":{"line":34,"column":8},"end":{"line":34,"column":null}},"13":{"start":{"line":19,"column":13},"end":{"line":19,"column":31}},"14":{"start":{"line":39,"column":29},"end":{"line":47,"column":1}},"15":{"start":{"line":41,"column":4},"end":{"line":46,"column":5}},"16":{"start":{"line":42,"column":24},"end":{"line":42,"column":54}},"17":{"start":{"line":43,"column":8},"end":{"line":43,"column":null}},"18":{"start":{"line":45,"column":8},"end":{"line":45,"column":27}},"19":{"start":{"line":39,"column":13},"end":{"line":39,"column":29}},"20":{"start":{"line":49,"column":29},"end":{"line":67,"column":1}},"21":{"start":{"line":50,"column":17},"end":{"line":50,"column":27}},"22":{"start":{"line":51,"column":20},"end":{"line":51,"column":46}},"23":{"start":{"line":63,"column":4},"end":{"line":63,"column":null}},"24":{"start":{"line":64,"column":4},"end":{"line":64,"column":null}},"25":{"start":{"line":66,"column":4},"end":{"line":66,"column":null}},"26":{"start":{"line":49,"column":13},"end":{"line":49,"column":29}},"27":{"start":{"line":69,"column":34},"end":{"line":87,"column":1}},"28":{"start":{"line":70,"column":17},"end":{"line":70,"column":27}},"29":{"start":{"line":71,"column":20},"end":{"line":71,"column":46}},"30":{"start":{"line":83,"column":4},"end":{"line":83,"column":null}},"31":{"start":{"line":84,"column":4},"end":{"line":84,"column":null}},"32":{"start":{"line":86,"column":4},"end":{"line":86,"column":null}},"33":{"start":{"line":69,"column":13},"end":{"line":69,"column":34}},"34":{"start":{"line":89,"column":28},"end":{"line":102,"column":1}},"35":{"start":{"line":90,"column":17},"end":{"line":90,"column":27}},"36":{"start":{"line":91,"column":20},"end":{"line":91,"column":46}},"37":{"start":{"line":100,"column":4},"end":{"line":100,"column":null}},"38":{"start":{"line":101,"column":4},"end":{"line":101,"column":null}},"39":{"start":{"line":89,"column":13},"end":{"line":89,"column":28}}},"fnMap":{"0":{"name":"(anonymous_1)","decl":{"start":{"line":5,"column":27},"end":{"line":5,"column":32}},"loc":{"start":{"line":5,"column":64},"end":{"line":17,"column":1}}},"1":{"name":"(anonymous_2)","decl":{"start":{"line":19,"column":31},"end":{"line":19,"column":36}},"loc":{"start":{"line":19,"column":68},"end":{"line":36,"column":1}}},"2":{"name":"(anonymous_3)","decl":{"start":{"line":39,"column":29},"end":{"line":39,"column":34}},"loc":{"start":{"line":39,"column":67},"end":{"line":47,"column":1}}},"3":{"name":"(anonymous_4)","decl":{"start":{"line":49,"column":29},"end":{"line":49,"column":34}},"loc":{"start":{"line":49,"column":66},"end":{"line":67,"column":1}}},"4":{"name":"(anonymous_5)","decl":{"start":{"line":69,"column":34},"end":{"line":69,"column":39}},"loc":{"start":{"line":69,"column":71},"end":{"line":87,"column":1}}},"5":{"name":"(anonymous_6)","decl":{"start":{"line":89,"column":28},"end":{"line":89,"column":33}},"loc":{"start":{"line":89,"column":65},"end":{"line":102,"column":1}}}},"branchMap":{},"s":{"0":2,"1":2,"2":2,"3":2,"4":2,"5":0,"6":2,"7":2,"8":3,"9":3,"10":3,"11":2,"12":1,"13":2,"14":2,"15":4,"16":4,"17":4,"18":0,"19":2,"20":2,"21":5,"22":5,"23":4,"24":3,"25":3,"26":2,"27":2,"28":0,"29":0,"30":0,"31":0,"32":0,"33":2,"34":2,"35":3,"36":3,"37":2,"38":1,"39":2},"f":{"0":2,"1":3,"2":4,"3":5,"4":0,"5":3},"b":{}}
,"C:\\Users\\herib\\OneDrive\\Escritorio\\rest-api-node-ts-server\\src\\models\\Product.model.ts": {"path":"C:\\Users\\herib\\OneDrive\\Escritorio\\rest-api-node-ts-server\\src\\models\\Product.model.ts","statementMap":{"0":{"start":{"line":1,"column":0},"end":{"line":1,"column":90}},"1":{"start":{"line":7,"column":0},"end":{"line":23,"column":null}},"2":{"start":{"line":11,"column":12},"end":{"line":11,"column":null}},"3":{"start":{"line":16,"column":12},"end":{"line":16,"column":null}},"4":{"start":{"line":22,"column":12},"end":{"line":22,"column":null}},"5":{"start":{"line":7,"column":6},"end":{"line":23,"column":null}},"6":{"start":{"line":25,"column":0},"end":{"line":25,"column":null}}},"fnMap":{},"branchMap":{},"s":{"0":2,"1":2,"2":2,"3":2,"4":2,"5":2,"6":2},"f":{},"b":{}}
}
