TN:
SF:src\router.ts
FN:25,(anonymous_0)
FNF:1
FNH:1
FNDA:4,(anonymous_0)
DA:1,2
DA:2,2
DA:3,2
DA:6,2
DA:9,2
DA:10,2
DA:16,2
DA:25,4
DA:32,2
DA:49,2
DA:54,2
DA:60,2
LF:12
LH:12
BRF:0
BRH:0
end_of_record
TN:
SF:src\server.ts
FN:8,ConnectionDB
FN:32,(anonymous_2)
FNF:2
FNH:2
FNDA:2,ConnectionDB
FNDA:1,(anonymous_2)
DA:1,2
DA:2,2
DA:3,2
DA:4,2
DA:9,2
DA:10,2
DA:11,1
DA:15,0
DA:19,2
DA:24,2
DA:27,2
DA:30,2
DA:32,2
DA:33,1
DA:36,2
LF:15
LH:14
BRF:0
BRH:0
end_of_record
TN:
SF:src\config\db.ts
FNF:0
FNH:0
DA:1,2
DA:2,2
DA:3,2
DA:5,2
DA:10,2
LF:5
LH:5
BRF:0
BRH:0
end_of_record
TN:
SF:src\handlers\product.ts
FN:5,(anonymous_1)
FN:19,(anonymous_2)
FN:39,(anonymous_3)
FN:49,(anonymous_4)
FN:69,(anonymous_5)
FN:89,(anonymous_6)
FNF:6
FNH:5
FNDA:2,(anonymous_1)
FNDA:3,(anonymous_2)
FNDA:4,(anonymous_3)
FNDA:5,(anonymous_4)
FNDA:0,(anonymous_5)
FNDA:3,(anonymous_6)
DA:2,2
DA:5,2
DA:6,2
DA:7,2
DA:13,2
DA:15,0
DA:19,2
DA:20,3
DA:21,3
DA:22,3
DA:32,2
DA:34,1
DA:39,2
DA:41,4
DA:42,4
DA:43,4
DA:45,0
DA:49,2
DA:50,5
DA:51,5
DA:63,4
DA:64,3
DA:66,3
DA:69,2
DA:70,0
DA:71,0
DA:83,0
DA:84,0
DA:86,0
DA:89,2
DA:90,3
DA:91,3
DA:100,2
DA:101,1
LF:34
LH:27
BRF:0
BRH:0
end_of_record
TN:
SF:src\models\Product.model.ts
FNF:0
FNH:0
DA:1,2
DA:7,2
DA:11,2
DA:16,2
DA:22,2
DA:25,2
LF:6
LH:6
BRF:0
BRH:0
end_of_record
